2020-07-26 12:57:57,164 __main__ 38 [INFO][<module>] start 
2020-07-26 12:58:00,115 __main__ 47 [DEBUG][<module>] train columns: (58,) ['id' 'ps_ind_01' 'ps_ind_02_cat' 'ps_ind_03' 'ps_ind_04_cat'
 'ps_ind_05_cat' 'ps_ind_06_bin' 'ps_ind_07_bin' 'ps_ind_08_bin'
 'ps_ind_09_bin' 'ps_ind_10_bin' 'ps_ind_11_bin' 'ps_ind_12_bin'
 'ps_ind_13_bin' 'ps_ind_14' 'ps_ind_15' 'ps_ind_16_bin' 'ps_ind_17_bin'
 'ps_ind_18_bin' 'ps_reg_01' 'ps_reg_02' 'ps_reg_03' 'ps_car_01_cat'
 'ps_car_02_cat' 'ps_car_03_cat' 'ps_car_04_cat' 'ps_car_05_cat'
 'ps_car_06_cat' 'ps_car_07_cat' 'ps_car_08_cat' 'ps_car_09_cat'
 'ps_car_10_cat' 'ps_car_11_cat' 'ps_car_11' 'ps_car_12' 'ps_car_13'
 'ps_car_14' 'ps_car_15' 'ps_calc_01' 'ps_calc_02' 'ps_calc_03'
 'ps_calc_04' 'ps_calc_05' 'ps_calc_06' 'ps_calc_07' 'ps_calc_08'
 'ps_calc_09' 'ps_calc_10' 'ps_calc_11' 'ps_calc_12' 'ps_calc_13'
 'ps_calc_14' 'ps_calc_15_bin' 'ps_calc_16_bin' 'ps_calc_17_bin'
 'ps_calc_18_bin' 'ps_calc_19_bin' 'ps_calc_20_bin'] 
2020-07-26 12:58:00,116 __main__ 49 [INFO][<module>] data preparation end (595212, 58) 
2020-07-26 12:58:00,153 __main__ 60 [INFO][<module>] params: {'C': 0.1, 'fit_intercept': True, 'penalty': 'l2', 'random_state': 0} 
2020-07-26 12:58:03,832 __main__ 82 [DEBUG][<module>]    logloss: 0.1880792016805477, gini: 0.010385917594611382 
2020-07-26 12:58:03,836 __main__ 93 [INFO][<module>] logloss: 0.1880792016805477, gini: 0.010385917594611382 
2020-07-26 12:58:03,836 __main__ 94 [INFO][<module>] current min score: 0.010385917594611382, params: {'C': 0.1, 'fit_intercept': True, 'penalty': 'l2', 'random_state': 0} 
2020-07-26 12:58:03,836 __main__ 60 [INFO][<module>] params: {'C': 0.1, 'fit_intercept': True, 'penalty': 'l1', 'random_state': 0} 
2020-07-26 12:58:50,263 __main__ 38 [INFO][<module>] start 
2020-07-26 12:58:52,515 __main__ 47 [DEBUG][<module>] train columns: (58,) ['id' 'ps_ind_01' 'ps_ind_02_cat' 'ps_ind_03' 'ps_ind_04_cat'
 'ps_ind_05_cat' 'ps_ind_06_bin' 'ps_ind_07_bin' 'ps_ind_08_bin'
 'ps_ind_09_bin' 'ps_ind_10_bin' 'ps_ind_11_bin' 'ps_ind_12_bin'
 'ps_ind_13_bin' 'ps_ind_14' 'ps_ind_15' 'ps_ind_16_bin' 'ps_ind_17_bin'
 'ps_ind_18_bin' 'ps_reg_01' 'ps_reg_02' 'ps_reg_03' 'ps_car_01_cat'
 'ps_car_02_cat' 'ps_car_03_cat' 'ps_car_04_cat' 'ps_car_05_cat'
 'ps_car_06_cat' 'ps_car_07_cat' 'ps_car_08_cat' 'ps_car_09_cat'
 'ps_car_10_cat' 'ps_car_11_cat' 'ps_car_11' 'ps_car_12' 'ps_car_13'
 'ps_car_14' 'ps_car_15' 'ps_calc_01' 'ps_calc_02' 'ps_calc_03'
 'ps_calc_04' 'ps_calc_05' 'ps_calc_06' 'ps_calc_07' 'ps_calc_08'
 'ps_calc_09' 'ps_calc_10' 'ps_calc_11' 'ps_calc_12' 'ps_calc_13'
 'ps_calc_14' 'ps_calc_15_bin' 'ps_calc_16_bin' 'ps_calc_17_bin'
 'ps_calc_18_bin' 'ps_calc_19_bin' 'ps_calc_20_bin'] 
2020-07-26 12:58:52,515 __main__ 49 [INFO][<module>] data preparation end (595212, 58) 
2020-07-26 12:58:52,517 __main__ 60 [INFO][<module>] params: {'C': 0.1, 'fit_intercept': True, 'penalty': 'l2', 'random_state': 0} 
2020-07-26 12:58:55,603 __main__ 82 [DEBUG][<module>]    logloss: 0.1880792016805477, gini: 0.010385917594611382 
2020-07-26 12:58:55,631 __main__ 93 [INFO][<module>] logloss: 0.1880792016805477, gini: 0.010385917594611382 
2020-07-26 12:58:55,631 __main__ 94 [INFO][<module>] current min score: 0.010385917594611382, params: {'C': 0.1, 'fit_intercept': True, 'penalty': 'l2', 'random_state': 0} 
2020-07-26 12:58:55,632 __main__ 60 [INFO][<module>] params: {'C': 0.1, 'fit_intercept': True, 'penalty': 'l1', 'random_state': 0} 
2020-07-26 13:02:17,799 __main__ 38 [INFO][<module>] start 
2020-07-26 13:02:20,024 __main__ 47 [DEBUG][<module>] train columns: (58,) ['id' 'ps_ind_01' 'ps_ind_02_cat' 'ps_ind_03' 'ps_ind_04_cat'
 'ps_ind_05_cat' 'ps_ind_06_bin' 'ps_ind_07_bin' 'ps_ind_08_bin'
 'ps_ind_09_bin' 'ps_ind_10_bin' 'ps_ind_11_bin' 'ps_ind_12_bin'
 'ps_ind_13_bin' 'ps_ind_14' 'ps_ind_15' 'ps_ind_16_bin' 'ps_ind_17_bin'
 'ps_ind_18_bin' 'ps_reg_01' 'ps_reg_02' 'ps_reg_03' 'ps_car_01_cat'
 'ps_car_02_cat' 'ps_car_03_cat' 'ps_car_04_cat' 'ps_car_05_cat'
 'ps_car_06_cat' 'ps_car_07_cat' 'ps_car_08_cat' 'ps_car_09_cat'
 'ps_car_10_cat' 'ps_car_11_cat' 'ps_car_11' 'ps_car_12' 'ps_car_13'
 'ps_car_14' 'ps_car_15' 'ps_calc_01' 'ps_calc_02' 'ps_calc_03'
 'ps_calc_04' 'ps_calc_05' 'ps_calc_06' 'ps_calc_07' 'ps_calc_08'
 'ps_calc_09' 'ps_calc_10' 'ps_calc_11' 'ps_calc_12' 'ps_calc_13'
 'ps_calc_14' 'ps_calc_15_bin' 'ps_calc_16_bin' 'ps_calc_17_bin'
 'ps_calc_18_bin' 'ps_calc_19_bin' 'ps_calc_20_bin'] 
2020-07-26 13:02:20,025 __main__ 49 [INFO][<module>] data preparation end (595212, 58) 
2020-07-26 13:02:20,027 __main__ 61 [INFO][<module>] params: {'C': 0.1, 'fit_intercept': True, 'penalty': 'l2', 'random_state': 0, 'solver': 'liblinear'} 
2020-07-26 13:02:26,472 __main__ 83 [DEBUG][<module>]    logloss: 0.17259591895068901, gini: 0.014242902665573376 
2020-07-26 13:02:26,511 __main__ 94 [INFO][<module>] logloss: 0.17259591895068901, gini: 0.014242902665573376 
2020-07-26 13:02:26,511 __main__ 95 [INFO][<module>] current min score: 0.014242902665573376, params: {'C': 0.1, 'fit_intercept': True, 'penalty': 'l2', 'random_state': 0, 'solver': 'liblinear'} 
2020-07-26 13:02:26,512 __main__ 61 [INFO][<module>] params: {'C': 0.1, 'fit_intercept': True, 'penalty': 'l1', 'random_state': 0, 'solver': 'liblinear'} 
2020-07-26 13:02:36,150 __main__ 83 [DEBUG][<module>]    logloss: 0.15334544263373198, gini: -0.23270600631878602 
2020-07-26 13:02:36,166 __main__ 94 [INFO][<module>] logloss: 0.15334544263373198, gini: -0.23270600631878602 
2020-07-26 13:02:36,166 __main__ 95 [INFO][<module>] current min score: -0.23270600631878602, params: {'C': 0.1, 'fit_intercept': True, 'penalty': 'l1', 'random_state': 0, 'solver': 'liblinear'} 
2020-07-26 13:02:36,167 __main__ 61 [INFO][<module>] params: {'C': 0.1, 'fit_intercept': False, 'penalty': 'l2', 'random_state': 0, 'solver': 'liblinear'} 
2020-07-26 13:02:42,445 __main__ 83 [DEBUG][<module>]    logloss: 0.17261270295339357, gini: 0.014240162062394535 
2020-07-26 13:02:42,449 __main__ 94 [INFO][<module>] logloss: 0.17261270295339357, gini: 0.014240162062394535 
2020-07-26 13:02:42,450 __main__ 95 [INFO][<module>] current min score: -0.23270600631878602, params: {'C': 0.1, 'fit_intercept': True, 'penalty': 'l1', 'random_state': 0, 'solver': 'liblinear'} 
2020-07-26 13:02:42,450 __main__ 61 [INFO][<module>] params: {'C': 0.1, 'fit_intercept': False, 'penalty': 'l1', 'random_state': 0, 'solver': 'liblinear'} 
2020-07-26 13:02:59,983 __main__ 83 [DEBUG][<module>]    logloss: 0.15332428557414324, gini: -0.2339609855768403 
2020-07-26 13:03:00,001 __main__ 94 [INFO][<module>] logloss: 0.15332428557414324, gini: -0.2339609855768403 
2020-07-26 13:03:00,001 __main__ 95 [INFO][<module>] current min score: -0.2339609855768403, params: {'C': 0.1, 'fit_intercept': False, 'penalty': 'l1', 'random_state': 0, 'solver': 'liblinear'} 
2020-07-26 13:03:00,001 __main__ 61 [INFO][<module>] params: {'C': 1, 'fit_intercept': True, 'penalty': 'l2', 'random_state': 0, 'solver': 'liblinear'} 
2020-07-26 13:03:06,378 __main__ 83 [DEBUG][<module>]    logloss: 0.17259585249163728, gini: 0.014242902665573376 
2020-07-26 13:03:06,395 __main__ 94 [INFO][<module>] logloss: 0.17259585249163728, gini: 0.014242902665573376 
2020-07-26 13:03:06,396 __main__ 95 [INFO][<module>] current min score: -0.2339609855768403, params: {'C': 0.1, 'fit_intercept': False, 'penalty': 'l1', 'random_state': 0, 'solver': 'liblinear'} 
2020-07-26 13:03:06,396 __main__ 61 [INFO][<module>] params: {'C': 1, 'fit_intercept': True, 'penalty': 'l1', 'random_state': 0, 'solver': 'liblinear'} 
2020-07-26 13:03:34,062 __main__ 83 [DEBUG][<module>]    logloss: 0.15302715901436506, gini: -0.24469555049169944 
2020-07-26 13:03:34,098 __main__ 94 [INFO][<module>] logloss: 0.15302715901436506, gini: -0.24469555049169944 
2020-07-26 13:03:34,098 __main__ 95 [INFO][<module>] current min score: -0.24469555049169944, params: {'C': 1, 'fit_intercept': True, 'penalty': 'l1', 'random_state': 0, 'solver': 'liblinear'} 
2020-07-26 13:03:34,099 __main__ 61 [INFO][<module>] params: {'C': 1, 'fit_intercept': False, 'penalty': 'l2', 'random_state': 0, 'solver': 'liblinear'} 
2020-07-26 13:03:40,449 __main__ 83 [DEBUG][<module>]    logloss: 0.17261259682445657, gini: 0.014240278598306788 
2020-07-26 13:03:40,467 __main__ 94 [INFO][<module>] logloss: 0.17261259682445657, gini: 0.014240278598306788 
2020-07-26 13:03:40,467 __main__ 95 [INFO][<module>] current min score: -0.24469555049169944, params: {'C': 1, 'fit_intercept': True, 'penalty': 'l1', 'random_state': 0, 'solver': 'liblinear'} 
2020-07-26 13:03:40,467 __main__ 61 [INFO][<module>] params: {'C': 1, 'fit_intercept': False, 'penalty': 'l1', 'random_state': 0, 'solver': 'liblinear'} 
2020-07-26 13:04:01,583 __main__ 83 [DEBUG][<module>]    logloss: 0.15320509790653597, gini: -0.23825570364528526 
2020-07-26 13:04:01,636 __main__ 94 [INFO][<module>] logloss: 0.15320509790653597, gini: -0.23825570364528526 
2020-07-26 13:04:01,637 __main__ 95 [INFO][<module>] current min score: -0.24469555049169944, params: {'C': 1, 'fit_intercept': True, 'penalty': 'l1', 'random_state': 0, 'solver': 'liblinear'} 
2020-07-26 13:04:01,637 __main__ 61 [INFO][<module>] params: {'C': 10, 'fit_intercept': True, 'penalty': 'l2', 'random_state': 0, 'solver': 'liblinear'} 
2020-07-26 13:04:08,063 __main__ 83 [DEBUG][<module>]    logloss: 0.17259592272649052, gini: 0.014242878554694971 
2020-07-26 13:04:08,087 __main__ 94 [INFO][<module>] logloss: 0.17259592272649052, gini: 0.014242878554694971 
2020-07-26 13:04:08,087 __main__ 95 [INFO][<module>] current min score: -0.24469555049169944, params: {'C': 1, 'fit_intercept': True, 'penalty': 'l1', 'random_state': 0, 'solver': 'liblinear'} 
2020-07-26 13:04:08,087 __main__ 61 [INFO][<module>] params: {'C': 10, 'fit_intercept': True, 'penalty': 'l1', 'random_state': 0, 'solver': 'liblinear'} 
2020-07-26 13:04:34,308 __main__ 83 [DEBUG][<module>]    logloss: 0.15303095215321008, gini: -0.24455103390500654 
2020-07-26 13:04:34,363 __main__ 94 [INFO][<module>] logloss: 0.15303095215321008, gini: -0.24455103390500654 
2020-07-26 13:04:34,363 __main__ 95 [INFO][<module>] current min score: -0.24469555049169944, params: {'C': 1, 'fit_intercept': True, 'penalty': 'l1', 'random_state': 0, 'solver': 'liblinear'} 
2020-07-26 13:04:34,364 __main__ 61 [INFO][<module>] params: {'C': 10, 'fit_intercept': False, 'penalty': 'l2', 'random_state': 0, 'solver': 'liblinear'} 
2020-07-26 13:04:40,832 __main__ 83 [DEBUG][<module>]    logloss: 0.17261272156182625, gini: 0.014240214302630783 
2020-07-26 13:04:40,857 __main__ 94 [INFO][<module>] logloss: 0.17261272156182625, gini: 0.014240214302630783 
2020-07-26 13:04:40,857 __main__ 95 [INFO][<module>] current min score: -0.24469555049169944, params: {'C': 1, 'fit_intercept': True, 'penalty': 'l1', 'random_state': 0, 'solver': 'liblinear'} 
2020-07-26 13:04:40,857 __main__ 61 [INFO][<module>] params: {'C': 10, 'fit_intercept': False, 'penalty': 'l1', 'random_state': 0, 'solver': 'liblinear'} 
2020-07-26 13:05:19,069 __main__ 83 [DEBUG][<module>]    logloss: 0.15305334560664127, gini: -0.24366379376441882 
2020-07-26 13:05:19,087 __main__ 94 [INFO][<module>] logloss: 0.15305334560664127, gini: -0.24366379376441882 
2020-07-26 13:05:19,088 __main__ 95 [INFO][<module>] current min score: -0.24469555049169944, params: {'C': 1, 'fit_intercept': True, 'penalty': 'l1', 'random_state': 0, 'solver': 'liblinear'} 
2020-07-26 13:05:19,088 __main__ 97 [INFO][<module>] minimum params: {'C': 1, 'fit_intercept': True, 'penalty': 'l1', 'random_state': 0, 'solver': 'liblinear'} 
2020-07-26 13:05:19,089 __main__ 98 [INFO][<module>] minimum gini: -0.24469555049169944 
2020-07-26 13:05:45,608 __main__ 105 [INFO][<module>] train end 
2020-07-26 13:05:49,521 __main__ 116 [INFO][<module>] test data load end (892816, 58) 
2020-07-26 13:05:52,447 __main__ 126 [INFO][<module>] end 
2020-07-26 14:53:36,893 __main__ 39 [INFO][<module>] start 
2020-07-26 14:53:39,311 __main__ 48 [DEBUG][<module>] train columns: (58,) ['id' 'ps_ind_01' 'ps_ind_02_cat' 'ps_ind_03' 'ps_ind_04_cat'
 'ps_ind_05_cat' 'ps_ind_06_bin' 'ps_ind_07_bin' 'ps_ind_08_bin'
 'ps_ind_09_bin' 'ps_ind_10_bin' 'ps_ind_11_bin' 'ps_ind_12_bin'
 'ps_ind_13_bin' 'ps_ind_14' 'ps_ind_15' 'ps_ind_16_bin' 'ps_ind_17_bin'
 'ps_ind_18_bin' 'ps_reg_01' 'ps_reg_02' 'ps_reg_03' 'ps_car_01_cat'
 'ps_car_02_cat' 'ps_car_03_cat' 'ps_car_04_cat' 'ps_car_05_cat'
 'ps_car_06_cat' 'ps_car_07_cat' 'ps_car_08_cat' 'ps_car_09_cat'
 'ps_car_10_cat' 'ps_car_11_cat' 'ps_car_11' 'ps_car_12' 'ps_car_13'
 'ps_car_14' 'ps_car_15' 'ps_calc_01' 'ps_calc_02' 'ps_calc_03'
 'ps_calc_04' 'ps_calc_05' 'ps_calc_06' 'ps_calc_07' 'ps_calc_08'
 'ps_calc_09' 'ps_calc_10' 'ps_calc_11' 'ps_calc_12' 'ps_calc_13'
 'ps_calc_14' 'ps_calc_15_bin' 'ps_calc_16_bin' 'ps_calc_17_bin'
 'ps_calc_18_bin' 'ps_calc_19_bin' 'ps_calc_20_bin'] 
2020-07-26 14:53:39,311 __main__ 50 [INFO][<module>] data preparation end (595212, 58) 
2020-07-26 14:53:39,313 __main__ 59 [INFO][<module>] params: {'seed': 0} 
2020-07-26 14:54:16,237 __main__ 81 [DEBUG][<module>]    logloss: 0.15409959586743277, gini: -0.24072043819046107 
2020-07-26 14:54:16,269 __main__ 92 [INFO][<module>] logloss: 0.15409959586743277, gini: -0.24072043819046107 
2020-07-26 14:54:16,271 __main__ 93 [INFO][<module>] current min score: -0.24072043819046107, params: {'seed': 0} 
2020-07-26 14:54:16,273 __main__ 95 [INFO][<module>] minimum params: {'seed': 0} 
2020-07-26 14:54:16,273 __main__ 96 [INFO][<module>] minimum gini: -0.24072043819046107 
2020-07-26 14:56:14,506 __main__ 39 [INFO][<module>] start 
2020-07-26 14:56:16,809 __main__ 48 [DEBUG][<module>] train columns: (58,) ['id' 'ps_ind_01' 'ps_ind_02_cat' 'ps_ind_03' 'ps_ind_04_cat'
 'ps_ind_05_cat' 'ps_ind_06_bin' 'ps_ind_07_bin' 'ps_ind_08_bin'
 'ps_ind_09_bin' 'ps_ind_10_bin' 'ps_ind_11_bin' 'ps_ind_12_bin'
 'ps_ind_13_bin' 'ps_ind_14' 'ps_ind_15' 'ps_ind_16_bin' 'ps_ind_17_bin'
 'ps_ind_18_bin' 'ps_reg_01' 'ps_reg_02' 'ps_reg_03' 'ps_car_01_cat'
 'ps_car_02_cat' 'ps_car_03_cat' 'ps_car_04_cat' 'ps_car_05_cat'
 'ps_car_06_cat' 'ps_car_07_cat' 'ps_car_08_cat' 'ps_car_09_cat'
 'ps_car_10_cat' 'ps_car_11_cat' 'ps_car_11' 'ps_car_12' 'ps_car_13'
 'ps_car_14' 'ps_car_15' 'ps_calc_01' 'ps_calc_02' 'ps_calc_03'
 'ps_calc_04' 'ps_calc_05' 'ps_calc_06' 'ps_calc_07' 'ps_calc_08'
 'ps_calc_09' 'ps_calc_10' 'ps_calc_11' 'ps_calc_12' 'ps_calc_13'
 'ps_calc_14' 'ps_calc_15_bin' 'ps_calc_16_bin' 'ps_calc_17_bin'
 'ps_calc_18_bin' 'ps_calc_19_bin' 'ps_calc_20_bin'] 
2020-07-26 14:56:16,809 __main__ 50 [INFO][<module>] data preparation end (595212, 58) 
2020-07-26 14:58:11,858 __main__ 39 [INFO][<module>] start 
2020-07-26 14:58:14,148 __main__ 48 [DEBUG][<module>] train columns: (58,) ['id' 'ps_ind_01' 'ps_ind_02_cat' 'ps_ind_03' 'ps_ind_04_cat'
 'ps_ind_05_cat' 'ps_ind_06_bin' 'ps_ind_07_bin' 'ps_ind_08_bin'
 'ps_ind_09_bin' 'ps_ind_10_bin' 'ps_ind_11_bin' 'ps_ind_12_bin'
 'ps_ind_13_bin' 'ps_ind_14' 'ps_ind_15' 'ps_ind_16_bin' 'ps_ind_17_bin'
 'ps_ind_18_bin' 'ps_reg_01' 'ps_reg_02' 'ps_reg_03' 'ps_car_01_cat'
 'ps_car_02_cat' 'ps_car_03_cat' 'ps_car_04_cat' 'ps_car_05_cat'
 'ps_car_06_cat' 'ps_car_07_cat' 'ps_car_08_cat' 'ps_car_09_cat'
 'ps_car_10_cat' 'ps_car_11_cat' 'ps_car_11' 'ps_car_12' 'ps_car_13'
 'ps_car_14' 'ps_car_15' 'ps_calc_01' 'ps_calc_02' 'ps_calc_03'
 'ps_calc_04' 'ps_calc_05' 'ps_calc_06' 'ps_calc_07' 'ps_calc_08'
 'ps_calc_09' 'ps_calc_10' 'ps_calc_11' 'ps_calc_12' 'ps_calc_13'
 'ps_calc_14' 'ps_calc_15_bin' 'ps_calc_16_bin' 'ps_calc_17_bin'
 'ps_calc_18_bin' 'ps_calc_19_bin' 'ps_calc_20_bin'] 
2020-07-26 14:58:14,148 __main__ 50 [INFO][<module>] data preparation end (595212, 58) 
2020-07-26 14:58:14,149 __main__ 58 [INFO][<module>] params: {'seed': 0} 
2020-07-26 14:58:49,568 __main__ 80 [DEBUG][<module>]    logloss: 0.15409959586743277, gini: -0.24072043819046107 
2020-07-26 14:58:49,604 __main__ 91 [INFO][<module>] logloss: 0.15409959586743277, gini: -0.24072043819046107 
2020-07-26 14:58:49,605 __main__ 92 [INFO][<module>] current min score: -0.24072043819046107, params: {'seed': 0} 
2020-07-26 14:58:49,607 __main__ 94 [INFO][<module>] minimum params: {'seed': 0} 
2020-07-26 14:58:49,607 __main__ 95 [INFO][<module>] minimum gini: -0.24072043819046107 
2020-07-26 14:59:32,994 __main__ 102 [INFO][<module>] train end 
2020-07-26 14:59:36,748 __main__ 113 [INFO][<module>] test data load end (892816, 58) 
2020-07-26 14:59:41,441 __main__ 123 [INFO][<module>] end 
2020-07-26 15:01:18,863 __main__ 39 [INFO][<module>] start 
2020-07-26 15:01:21,163 __main__ 48 [DEBUG][<module>] train columns: (58,) ['id' 'ps_ind_01' 'ps_ind_02_cat' 'ps_ind_03' 'ps_ind_04_cat'
 'ps_ind_05_cat' 'ps_ind_06_bin' 'ps_ind_07_bin' 'ps_ind_08_bin'
 'ps_ind_09_bin' 'ps_ind_10_bin' 'ps_ind_11_bin' 'ps_ind_12_bin'
 'ps_ind_13_bin' 'ps_ind_14' 'ps_ind_15' 'ps_ind_16_bin' 'ps_ind_17_bin'
 'ps_ind_18_bin' 'ps_reg_01' 'ps_reg_02' 'ps_reg_03' 'ps_car_01_cat'
 'ps_car_02_cat' 'ps_car_03_cat' 'ps_car_04_cat' 'ps_car_05_cat'
 'ps_car_06_cat' 'ps_car_07_cat' 'ps_car_08_cat' 'ps_car_09_cat'
 'ps_car_10_cat' 'ps_car_11_cat' 'ps_car_11' 'ps_car_12' 'ps_car_13'
 'ps_car_14' 'ps_car_15' 'ps_calc_01' 'ps_calc_02' 'ps_calc_03'
 'ps_calc_04' 'ps_calc_05' 'ps_calc_06' 'ps_calc_07' 'ps_calc_08'
 'ps_calc_09' 'ps_calc_10' 'ps_calc_11' 'ps_calc_12' 'ps_calc_13'
 'ps_calc_14' 'ps_calc_15_bin' 'ps_calc_16_bin' 'ps_calc_17_bin'
 'ps_calc_18_bin' 'ps_calc_19_bin' 'ps_calc_20_bin'] 
2020-07-26 15:01:21,164 __main__ 50 [INFO][<module>] data preparation end (595212, 58) 
2020-07-26 15:01:21,165 __main__ 58 [INFO][<module>] params: {'seed': 0} 
2020-07-26 15:02:21,309 __main__ 39 [INFO][<module>] start 
2020-07-26 15:02:23,639 __main__ 48 [DEBUG][<module>] train columns: (58,) ['id' 'ps_ind_01' 'ps_ind_02_cat' 'ps_ind_03' 'ps_ind_04_cat'
 'ps_ind_05_cat' 'ps_ind_06_bin' 'ps_ind_07_bin' 'ps_ind_08_bin'
 'ps_ind_09_bin' 'ps_ind_10_bin' 'ps_ind_11_bin' 'ps_ind_12_bin'
 'ps_ind_13_bin' 'ps_ind_14' 'ps_ind_15' 'ps_ind_16_bin' 'ps_ind_17_bin'
 'ps_ind_18_bin' 'ps_reg_01' 'ps_reg_02' 'ps_reg_03' 'ps_car_01_cat'
 'ps_car_02_cat' 'ps_car_03_cat' 'ps_car_04_cat' 'ps_car_05_cat'
 'ps_car_06_cat' 'ps_car_07_cat' 'ps_car_08_cat' 'ps_car_09_cat'
 'ps_car_10_cat' 'ps_car_11_cat' 'ps_car_11' 'ps_car_12' 'ps_car_13'
 'ps_car_14' 'ps_car_15' 'ps_calc_01' 'ps_calc_02' 'ps_calc_03'
 'ps_calc_04' 'ps_calc_05' 'ps_calc_06' 'ps_calc_07' 'ps_calc_08'
 'ps_calc_09' 'ps_calc_10' 'ps_calc_11' 'ps_calc_12' 'ps_calc_13'
 'ps_calc_14' 'ps_calc_15_bin' 'ps_calc_16_bin' 'ps_calc_17_bin'
 'ps_calc_18_bin' 'ps_calc_19_bin' 'ps_calc_20_bin'] 
2020-07-26 15:02:23,640 __main__ 50 [INFO][<module>] data preparation end (595212, 58) 
2020-07-26 15:02:23,641 __main__ 58 [INFO][<module>] params: {'seed': 0} 
2020-07-26 15:04:19,116 __main__ 39 [INFO][<module>] start 
2020-07-26 15:04:21,497 __main__ 48 [DEBUG][<module>] train columns: (58,) ['id' 'ps_ind_01' 'ps_ind_02_cat' 'ps_ind_03' 'ps_ind_04_cat'
 'ps_ind_05_cat' 'ps_ind_06_bin' 'ps_ind_07_bin' 'ps_ind_08_bin'
 'ps_ind_09_bin' 'ps_ind_10_bin' 'ps_ind_11_bin' 'ps_ind_12_bin'
 'ps_ind_13_bin' 'ps_ind_14' 'ps_ind_15' 'ps_ind_16_bin' 'ps_ind_17_bin'
 'ps_ind_18_bin' 'ps_reg_01' 'ps_reg_02' 'ps_reg_03' 'ps_car_01_cat'
 'ps_car_02_cat' 'ps_car_03_cat' 'ps_car_04_cat' 'ps_car_05_cat'
 'ps_car_06_cat' 'ps_car_07_cat' 'ps_car_08_cat' 'ps_car_09_cat'
 'ps_car_10_cat' 'ps_car_11_cat' 'ps_car_11' 'ps_car_12' 'ps_car_13'
 'ps_car_14' 'ps_car_15' 'ps_calc_01' 'ps_calc_02' 'ps_calc_03'
 'ps_calc_04' 'ps_calc_05' 'ps_calc_06' 'ps_calc_07' 'ps_calc_08'
 'ps_calc_09' 'ps_calc_10' 'ps_calc_11' 'ps_calc_12' 'ps_calc_13'
 'ps_calc_14' 'ps_calc_15_bin' 'ps_calc_16_bin' 'ps_calc_17_bin'
 'ps_calc_18_bin' 'ps_calc_19_bin' 'ps_calc_20_bin'] 
2020-07-26 15:04:21,497 __main__ 50 [INFO][<module>] data preparation end (595212, 58) 
2020-07-26 15:04:21,499 __main__ 58 [INFO][<module>] params: {'seed': 0} 
2020-07-26 15:04:29,812 __main__ 80 [DEBUG][<module>]    logloss: 0.16502229533309415, gini: -0.25185502267049453 
2020-07-26 15:04:29,845 __main__ 91 [INFO][<module>] logloss: 0.16502229533309415, gini: -0.25185502267049453 
2020-07-26 15:04:29,846 __main__ 92 [INFO][<module>] current min score: -0.25185502267049453, params: {'seed': 0} 
2020-07-26 15:04:29,847 __main__ 94 [INFO][<module>] minimum params: {'seed': 0} 
2020-07-26 15:04:29,848 __main__ 95 [INFO][<module>] minimum gini: -0.25185502267049453 
